Traceback (most recent call last):
  File "/home/codespace/.local/lib/python3.12/site-packages/jupyter_core/utils/__init__.py", line 154, in wrapped
    asyncio.get_running_loop()
RuntimeError: no running event loop

During handling of the above exception, another exception occurred:

Traceback (most recent call last):
  File "/home/codespace/.local/lib/python3.12/site-packages/jupyter_cache/executors/utils.py", line 58, in single_nb_execution
    executenb(
  File "/home/codespace/.local/lib/python3.12/site-packages/nbclient/client.py", line 1319, in execute
    return NotebookClient(nb=nb, resources=resources, km=km, **kwargs).execute()
           ^^^^^^^^^^^^^^^^^^^^^^^^^^^^^^^^^^^^^^^^^^^^^^^^^^^^^^^^^^^^^^^^^^^^^
  File "/home/codespace/.local/lib/python3.12/site-packages/jupyter_core/utils/__init__.py", line 158, in wrapped
    return loop.run_until_complete(inner)
           ^^^^^^^^^^^^^^^^^^^^^^^^^^^^^^
  File "/usr/local/python/3.12.1/lib/python3.12/asyncio/base_events.py", line 684, in run_until_complete
    return future.result()
           ^^^^^^^^^^^^^^^
  File "/home/codespace/.local/lib/python3.12/site-packages/nbclient/client.py", line 709, in async_execute
    await self.async_execute_cell(
  File "/home/codespace/.local/lib/python3.12/site-packages/nbclient/client.py", line 1062, in async_execute_cell
    await self._check_raise_for_error(cell, cell_index, exec_reply)
  File "/home/codespace/.local/lib/python3.12/site-packages/nbclient/client.py", line 918, in _check_raise_for_error
    raise CellExecutionError.from_cell_and_msg(cell, exec_reply_content)
nbclient.exceptions.CellExecutionError: An error occurred while executing the following cell:
------------------
# Define the ReLU activation function and derivative
def relu(z):
    return np.maximum(0, z)

def relu_derivative(z):
    return (z > 0).astype(float)

# Calculate weighted sum for hidden layer
wsh = np.dot(hwu.T, x) + hwub
hidden = relu(wsh)

# Calculate weighted sum for output layer
wso = np.dot(owu, hidden) + owub
pred_output = wso # No activation function on the output, as per the manual calculation

# Calculate the error (MSE is commonly used, but for simplicity here we use the difference)
error = pred_output - y
print(f"Predicted Output: {pred_output[0][0]:.4f}")
print(f"Error: {error[0][0]:.4f}")
------------------


[31m---------------------------------------------------------------------------[39m
[31mNameError[39m                                 Traceback (most recent call last)
[36mCell[39m[36m [39m[32mIn[3][39m[32m, line 13[39m
[32m     10[39m hidden = relu(wsh)
[32m     12[39m [38;5;66;03m# Calculate weighted sum for output layer[39;00m
[32m---> [39m[32m13[39m wso = np.dot([43mowu[49m, hidden) + owub
[32m     14[39m pred_output = wso [38;5;66;03m# No activation function on the output, as per the manual calculation[39;00m
[32m     16[39m [38;5;66;03m# Calculate the error (MSE is commonly used, but for simplicity here we use the difference)[39;00m

[31mNameError[39m: name 'owu' is not defined

